<?xml version="1.0" encoding="UTF-8"?>
<!-- Generated by org.testng.reporters.JUnitXMLReporter -->
<testsuite ignored="0" hostname="LTPBAN292669801" failures="0" tests="6" name="Default test" time="20.384" errors="0" timestamp="2026-04-22T12:03:19 IST">
  <testcase classname="test.InvalidLoginTest" name="testInvalidLogin" time="2.849"/>
  <testcase classname="test.InvalidLoginTest" name="testInvalidLogin" time="3.127"/>
  <testcase classname="test.InvalidLoginTest" name="testInvalidLogin" time="2.275"/>
  <testcase classname="test.InvalidLoginTest" name="testInvalidLogin" time="1.687"/>
  <testcase classname="test.InvalidLoginTest" name="testInvalidLogin" time="1.28"/>
  <testcase classname="test.InvalidLoginTest" name="testInvalidLogin" time="1.403"/>
</testsuite> <!-- Default test -->
