<?xml version="1.0" encoding="UTF-8"?>
<!-- Generated by org.testng.reporters.JUnitXMLReporter -->
<testsuite ignored="0" hostname="LTPBAN292669801" failures="0" tests="6" name="Default test" time="20.406" errors="0" timestamp="2026-04-22T12:01:05 IST">
  <testcase classname="test.InvalidLoginTest" name="testInvalidLogin" time="2.221"/>
  <testcase classname="test.InvalidLoginTest" name="testInvalidLogin" time="2.074"/>
  <testcase classname="test.InvalidLoginTest" name="testInvalidLogin" time="2.52"/>
  <testcase classname="test.InvalidLoginTest" name="testInvalidLogin" time="1.899"/>
  <testcase classname="test.InvalidLoginTest" name="testInvalidLogin" time="2.036"/>
  <testcase classname="test.InvalidLoginTest" name="testInvalidLogin" time="1.516"/>
</testsuite> <!-- Default test -->
