<?xml version="1.0" encoding="UTF-8"?>
<!-- Generated by org.testng.reporters.JUnitXMLReporter -->
<testsuite ignored="4" hostname="LTPBAN292670522" failures="0" tests="10" name="pom+testng" time="84.957" errors="0" timestamp="2026-04-23T17:26:35 IST">
  <testcase classname="test.RegisterTest" name="registerTest" time="13.211"/>
  <testcase classname="test.InvalidLoginTest" name="testInvalidLogin" time="2.193"/>
  <testcase classname="test.InvalidLoginTest" name="testInvalidLogin" time="2.173"/>
  <testcase classname="test.InvalidLoginTest" name="testInvalidLogin" time="2.451"/>
  <testcase classname="test.InvalidLoginTest" name="testInvalidLogin" time="3.054"/>
  <testcase classname="test.InvalidLoginTest" name="testInvalidLogin" time="1.133"/>
  <testcase classname="test.InvalidLoginTest" name="testInvalidLogin" time="1.605"/>
  <testcase classname="test.LoginTest" name="validLoginTest" time="5.553"/>
  <testcase classname="test.SearchTest" name="searchTwoProductsTest" time="9.392"/>
  <testcase classname="test.AddToCartTest" name="addTest" time="16.492"/>
  <testcase classname="utils.DriverManager" name="@AfterSuite tearDown" time="0.0">
    <ignored/>
  </testcase> <!-- @AfterSuite tearDown -->
  <testcase classname="utils.DriverManager" name="@AfterSuite tearDown" time="0.0">
    <ignored/>
  </testcase> <!-- @AfterSuite tearDown -->
  <testcase classname="utils.DriverManager" name="@AfterSuite tearDown" time="0.0">
    <ignored/>
  </testcase> <!-- @AfterSuite tearDown -->
  <testcase classname="utils.DriverManager" name="@AfterSuite tearDown" time="0.0">
    <ignored/>
  </testcase> <!-- @AfterSuite tearDown -->
</testsuite> <!-- pom+testng -->
