<?xml version="1.0" encoding="UTF-8"?>
<!-- Generated by org.testng.reporters.JUnitXMLReporter -->
<testsuite ignored="4" hostname="LTPBAN292670522" failures="0" tests="10" name="pom+testng" time="70.66" errors="0" timestamp="2026-04-22T15:41:24 IST">
  <testcase classname="test.RegisterTest" name="registerTest" time="10.512"/>
  <testcase classname="test.InvalidLoginTest" name="testInvalidLogin" time="1.998"/>
  <testcase classname="test.InvalidLoginTest" name="testInvalidLogin" time="2.222"/>
  <testcase classname="test.InvalidLoginTest" name="testInvalidLogin" time="2.274"/>
  <testcase classname="test.InvalidLoginTest" name="testInvalidLogin" time="1.471"/>
  <testcase classname="test.InvalidLoginTest" name="testInvalidLogin" time="1.335"/>
  <testcase classname="test.InvalidLoginTest" name="testInvalidLogin" time="1.258"/>
  <testcase classname="test.LoginTest" name="validLoginTest" time="4.521"/>
  <testcase classname="test.SearchTest" name="searchTwoProductsTest" time="9.293"/>
  <testcase classname="test.AddToCartTest" name="addTest" time="14.518"/>
  <testcase classname="utils.DriverManager" name="@AfterSuite tearDown" time="0.0">
    <ignored/>
  </testcase> <!-- @AfterSuite tearDown -->
  <testcase classname="utils.DriverManager" name="@AfterSuite tearDown" time="0.0">
    <ignored/>
  </testcase> <!-- @AfterSuite tearDown -->
  <testcase classname="utils.DriverManager" name="@AfterSuite tearDown" time="0.0">
    <ignored/>
  </testcase> <!-- @AfterSuite tearDown -->
  <testcase classname="utils.DriverManager" name="@AfterSuite tearDown" time="0.0">
    <ignored/>
  </testcase> <!-- @AfterSuite tearDown -->
</testsuite> <!-- pom+testng -->
