<?xml version="1.0" encoding="UTF-8"?>
<!-- Generated by org.testng.reporters.JUnitReportReporter -->
<testsuite hostname="LTPBAN292670522" failures="0" tests="6" name="test.InvalidLoginTest" time="12.621" errors="0" timestamp="2026-04-23T17:26:36 IST" skipped="0">
  <testcase classname="test.InvalidLoginTest" name="testInvalidLogin" time="2.174"/>
  <testcase classname="test.InvalidLoginTest" name="testInvalidLogin" time="2.193"/>
  <testcase classname="test.InvalidLoginTest" name="testInvalidLogin" time="3.054"/>
  <testcase classname="test.InvalidLoginTest" name="testInvalidLogin" time="2.451"/>
  <testcase classname="test.InvalidLoginTest" name="testInvalidLogin" time="1.134"/>
  <testcase classname="test.InvalidLoginTest" name="testInvalidLogin" time="1.615"/>
</testsuite> <!-- test.InvalidLoginTest -->
