<?xml version="1.0" encoding="UTF-8"?>
<!-- Generated by org.testng.reporters.JUnitReportReporter -->
<testsuite hostname="LTPBAN292669801" failures="0" tests="6" name="test.InvalidLoginTest" time="12.624" errors="0" timestamp="2026-04-22T12:03:19 IST" skipped="0">
  <testcase classname="test.InvalidLoginTest" name="testInvalidLogin" time="1.687"/>
  <testcase classname="test.InvalidLoginTest" name="testInvalidLogin" time="1.280"/>
  <testcase classname="test.InvalidLoginTest" name="testInvalidLogin" time="1.403"/>
  <testcase classname="test.InvalidLoginTest" name="testInvalidLogin" time="2.276"/>
  <testcase classname="test.InvalidLoginTest" name="testInvalidLogin" time="2.851"/>
  <testcase classname="test.InvalidLoginTest" name="testInvalidLogin" time="3.127"/>
</testsuite> <!-- test.InvalidLoginTest -->
