<?xml version="1.0" encoding="UTF-8"?>
<!-- Generated by org.testng.reporters.JUnitReportReporter -->
<testsuite hostname="LTPBAN292669855" failures="0" tests="3" name="runners.AddReviewRunner" time="187.937" errors="0" timestamp="2026-04-24T10:38:08 IST" skipped="0">
  <testcase classname="runners.AddReviewRunner" name="runScenario" time="96.173"/>
  <testcase classname="runners.AddReviewRunner" name="runScenario" time="31.505"/>
  <testcase classname="runners.AddReviewRunner" name="runScenario" time="60.259"/>
</testsuite> <!-- runners.AddReviewRunner -->
