<?xml version="1.0" encoding="UTF-8"?>
<!-- Generated by org.testng.reporters.JUnitReportReporter -->
<testsuite hostname="LTPBAN292670686" failures="0" tests="3" name="runners.AddReviewRunner" time="68.757" errors="0" timestamp="2026-04-23T15:33:06 IST" skipped="0">
  <testcase classname="runners.AddReviewRunner" name="runScenario" time="20.380"/>
  <testcase classname="runners.AddReviewRunner" name="runScenario" time="19.551"/>
  <testcase classname="runners.AddReviewRunner" name="runScenario" time="28.826"/>
</testsuite> <!-- runners.AddReviewRunner -->
